<?xml version="1.0" encoding="UTF-8"?>
<testsuite xmlns:xsi="http://www.w3.org/2001/XMLSchema-instance" xsi:noNamespaceSchemaLocation="https://maven.apache.org/surefire/maven-surefire-plugin/xsd/surefire-test-report.xsd" name="filesystem.FileSystemTest" time="0.103" tests="34" errors="0" skipped="0" failures="0">
  <properties>
[...]
</properties>
  <testcase name="testMkdirSingleDirectory" classname="filesystem.FileSystemTest" time="0.018"/>
  <testcase name="testMkdirNestedDirectories" classname="filesystem.FileSystemTest" time="0.001"/>
  <testcase name="testMkdirSiblings" classname="filesystem.FileSystemTest" time="0.001"/>
  <testcase name="testMkdirIdempotent" classname="filesystem.FileSystemTest" time="0.003"/>
  <testcase name="testLsRoot" classname="filesystem.FileSystemTest" time="0.001"/>
  <testcase name="testLsEmptyDirectory" classname="filesystem.FileSystemTest" time="0.001"/>
  <testcase name="testLsFile" classname="filesystem.FileSystemTest" time="0.001"/>
  <testcase name="testLsCurrentDirectory" classname="filesystem.FileSystemTest" time="0.001"/>
  <testcase name="testLsMixedContent" classname="filesystem.FileSystemTest" time="0.002"/>
  <testcase name="testCdAbsolutePath" classname="filesystem.FileSystemTest" time="0.002"/>
  <testcase name="testCdRelativePath" classname="filesystem.FileSystemTest" time="0.001"/>
  <testcase name="testCdParent" classname="filesystem.FileSystemTest" time="0.001"/>
  <testcase name="testCdMultipleParents" classname="filesystem.FileSystemTest" time="0.001"/>
  <testcase name="testCdParentThenSibling" classname="filesystem.FileSystemTest" time="0.001"/>
  <testcase name="testCdBeyondRoot" classname="filesystem.FileSystemTest" time="0.001"/>
  <testcase name="testCdComplexPaths" classname="filesystem.FileSystemTest" time="0.001"/>
  <testcase name="testCdToRoot" classname="filesystem.FileSystemTest" time="0.001"/>
  <testcase name="testCdNonExistent" classname="filesystem.FileSystemTest" time="0.001"/>
  <testcase name="testCdToFile" classname="filesystem.FileSystemTest" time="0.001"/>
  <testcase name="testCreateNewFile" classname="filesystem.FileSystemTest" time="0.001"/>
  <testcase name="testAppendToExisting" classname="filesystem.FileSystemTest" time="0.001"/>
  <testcase name="testReadNonExistent" classname="filesystem.FileSystemTest" time="0"/>
  <testcase name="testReadDirectory" classname="filesystem.FileSystemTest" time="0.003"/>
  <testcase name="testFileAutoParentCreation" classname="filesystem.FileSystemTest" time="0"/>
  <testcase name="testFileRelativePaths" classname="filesystem.FileSystemTest" time="0"/>
  <testcase name="testPwdInitial" classname="filesystem.FileSystemTest" time="0"/>
  <testcase name="testPwdAfterCd" classname="filesystem.FileSystemTest" time="0.001"/>
  <testcase name="testMultipleSlashes" classname="filesystem.FileSystemTest" time="0.002"/>
  <testcase name="testDotNavigation" classname="filesystem.FileSystemTest" time="0"/>
  <testcase name="testInvalidPathNull" classname="filesystem.FileSystemTest" time="0.007"/>
  <testcase name="testConcurrentMkdir" classname="filesystem.FileSystemTest" time="0.01"/>
  <testcase name="testConcurrentReads" classname="filesystem.FileSystemTest" time="0.007"/>
  <testcase name="testConcurrentFileAppend" classname="filesystem.FileSystemTest" time="0.004"/>
  <testcase name="testComplexWorkflow" classname="filesystem.FileSystemTest" time="0.001"/>
</testsuite>